Arguments: 
  C:\Users\legon\scoop\apps\nodejs\current\node.exe C:\Users\legon\scoop\apps\yarn\current\Yarn\bin\yarn.js add readline-sync nodemon

PATH: 
  C:\Users\legon\bin;C:\Users\legon\scoop\apps\git\2.27.0.windows.1\mingw64\bin;C:\Users\legon\scoop\apps\git\2.27.0.windows.1\usr\local\bin;C:\Users\legon\scoop\apps\git\2.27.0.windows.1\usr\bin;C:\Users\legon\scoop\apps\git\2.27.0.windows.1\usr\bin;C:\Users\legon\scoop\apps\git\2.27.0.windows.1\mingw64\bin;C:\Users\legon\scoop\apps\git\2.27.0.windows.1\usr\bin;C:\Users\legon\bin;C:\Program Files (x86)\Common Files\Oracle\Java\javapath;C:\Windows\system32;C:\Windows;C:\Windows\System32\Wbem;C:\Windows\System32\WindowsPowerShell\v1.0;C:\Windows\System32\OpenSSH;C:\Program Files\dotnet;C:\Program Files (x86)\Brackets\command;C:\Users\legon\scoop\apps\nodejs\current\bin;C:\Users\legon\scoop\apps\nodejs\current;C:\Users\legon\scoop\apps\yarn\current\Yarn\bin;C:\Users\legon\scoop\persist\yarn\global\node_modules\.bin;C:\Users\legon\scoop\persist\nvm\nodejs\nodejs;C:\Users\legon\scoop\shims;C:\Users\legon\AppData\Local\Microsoft\WindowsApps;C:\Users\legon\AppData\Local\GitHubDesktop\bin;C:\Program Files\Java\jdk-13.0.2\bin;C:\Users\legon\AppData\Local\atom\bin;C:\Program Files\LOVE;C:\Users\legon\scoop\apps\git\2.27.0.windows.1\usr\bin\vendor_perl;C:\Users\legon\scoop\apps\git\2.27.0.windows.1\usr\bin\core_perl

Yarn version: 
  1.22.4

Node version: 
  14.5.0

Platform: 
  win32 x64

Trace: 
  Error: getaddrinfo EAI_AGAIN registry.yarnpkg.com
      at GetAddrInfoReqWrap.onlookup [as oncomplete] (dns.js:66:26)

npm manifest: 
  {
    "name": "repl-game",
    "version": "1.0.0",
    "main": "index.js",
    "repository": "https://github.com/DominickDeJesus/Repl-Game.git",
    "author": "DominickDejesus <34385118+DominickDejsus@users.noreply.github.com>",
    "license": "MIT"
  }

yarn manifest: 
  No manifest

Lockfile: 
  No lockfile
